# JRE version: OpenJDK Runtime Environment Temurin-21.0.12.1+1 (21.0.12.1+1) (build 21.0.12.1+1-LTS)
# Java VM: OpenJDK 64-Bit Server VM Temurin-21.0.12.1+1 (21.0.12.1+1-LTS, mixed mode, sharing, tiered, compressed oops, compressed class ptrs, parallel gc, windows-amd64)
GC Precious Log:
 CardTable entry size: 512
 CPUs: 4 total, 4 available
 Memory: 8028M
 Large Page Support: Disabled
 NUMA Support: Disabled
 Compressed Oops: Enabled (Zero based)
 Alignments: Space 512K, Generation 512K, Heap 2M
 Heap Min Capacity: 100M
 Heap Initial Capacity: 100M
 Heap Max Capacity: 8G
 Pre-touch: Disabled
 Parallel Workers: 4
Heap:
 PSYoungGen      total 30208K, used 2205K [0x0000000755580000, 0x0000000757600000, 0x0000000800000000)
  eden space 29184K, 4% used [0x0000000755580000,0x00000007556af558,0x0000000757200000)
  from space 1024K, 96% used [0x0000000757380000,0x0000000757478050,0x0000000757480000)
  to   space 1536K, 0% used [0x0000000757200000,0x0000000757200000,0x0000000757380000)
 ParOldGen       total 5592576K, used 59250K [0x0000000600000000, 0x0000000755580000, 0x0000000755580000)
  object space 5592576K, 1% used [0x0000000600000000,0x00000006039dc8c0,0x0000000755580000)
 Metaspace       used 79361K, committed 81024K, reserved 1179648K
  class space    used 7985K, committed 8832K, reserved 1048576K
GC Heap History (20 events):
Event: 280.973 GC heap before
{Heap before GC invocations=119 (full 6):
 PSYoungGen      total 20480K, used 20480K [0x0000000755580000, 0x0000000757080000, 0x0000000800000000)
  eden space 19968K, 100% used [0x0000000755580000,0x0000000756900000,0x0000000756900000)
  from space 512K, 100% used [0x0000000756c80000,0x0000000756d00000,0x0000000756d00000)
  to   space 3584K, 0% used [0x0000000756900000,0x0000000756900000,0x0000000756c80000)
 ParOldGen       total 5592576K, used 65965K [0x0000000600000000, 0x0000000755580000, 0x0000000755580000)
  object space 5592576K, 1% used [0x0000000600000000,0x000000060406b4a0,0x0000000755580000)
 Metaspace       used 78271K, committed 80448K, reserved 1179648K
  class space    used 7910K, committed 8832K, reserved 1048576K
}
Event: 280.980 GC heap after
{Heap after GC invocations=119 (full 6):
 PSYoungGen      total 23552K, used 3558K [0x0000000755580000, 0x0000000757880000, 0x0000000800000000)
  eden space 19968K, 0% used [0x0000000755580000,0x0000000755580000,0x0000000756900000)
  from space 3584K, 99% used [0x0000000756900000,0x0000000756c79b10,0x0000000756c80000)
  to   space 7168K, 0% used [0x0000000757180000,0x0000000757180000,0x0000000757880000)
 ParOldGen       total 5592576K, used 68740K [0x0000000600000000, 0x0000000755580000, 0x0000000755580000)
  object space 5592576K, 1% used [0x0000000600000000,0x0000000604321278,0x0000000755580000)
 Metaspace       used 78271K, committed 80448K, reserved 1179648K
  class space    used 7910K, committed 8832K, reserved 1048576K
}
Event: 281.541 GC heap before
{Heap before GC invocations=120 (full 6):
 PSYoungGen      total 23552K, used 23526K [0x0000000755580000, 0x0000000757880000, 0x0000000800000000)
  eden space 19968K, 100% used [0x0000000755580000,0x0000000756900000,0x0000000756900000)
  from space 3584K, 99% used [0x0000000756900000,0x0000000756c79b10,0x0000000756c80000)
  to   space 7168K, 0% used [0x0000000757180000,0x0000000757180000,0x0000000757880000)
 ParOldGen       total 5592576K, used 68740K [0x0000000600000000, 0x0000000755580000, 0x0000000755580000)
  object space 5592576K, 1% used [0x0000000600000000,0x0000000604321278,0x0000000755580000)
 Metaspace       used 78326K, committed 80448K, reserved 1179648K
  class space    used 7910K, committed 8832K, reserved 1048576K
}
Event: 281.549 GC heap after
{Heap after GC invocations=120 (full 6):
 PSYoungGen      total 23552K, used 2240K [0x0000000755580000, 0x0000000757400000, 0x0000000800000000)
  eden space 20992K, 0% used [0x0000000755580000,0x0000000755580000,0x0000000756a00000)
  from space 2560K, 87% used [0x0000000757180000,0x00000007573b0040,0x0000000757400000)
  to   space 4096K, 0% used [0x0000000756c00000,0x0000000756c00000,0x0000000757000000)
 ParOldGen       total 5592576K, used 72278K [0x0000000600000000, 0x0000000755580000, 0x0000000755580000)
  object space 5592576K, 1% used [0x0000000600000000,0x0000000604695a60,0x0000000755580000)
 Metaspace       used 78326K, committed 80448K, reserved 1179648K
  class space    used 7910K, committed 8832K, reserved 1048576K
}
Event: 282.821 GC heap before
{Heap before GC invocations=121 (full 6):
 PSYoungGen      total 23552K, used 23232K [0x0000000755580000, 0x0000000757400000, 0x0000000800000000)
  eden space 20992K, 100% used [0x0000000755580000,0x0000000756a00000,0x0000000756a00000)
  from space 2560K, 87% used [0x0000000757180000,0x00000007573b0040,0x0000000757400000)
  to   space 4096K, 0% used [0x0000000756c00000,0x0000000756c00000,0x0000000757000000)
 ParOldGen       total 5592576K, used 72278K [0x0000000600000000, 0x0000000755580000, 0x0000000755580000)
  object space 5592576K, 1% used [0x0000000600000000,0x0000000604695a60,0x0000000755580000)
 Metaspace       used 78602K, committed 80640K, reserved 1179648K
  class space    used 7912K, committed 8832K, reserved 1048576K
}
Event: 282.831 GC heap after
{Heap after GC invocations=121 (full 6):
 PSYoungGen      total 26112K, used 4091K [0x0000000755580000, 0x0000000757500000, 0x0000000800000000)
  eden space 22016K, 0% used [0x0000000755580000,0x0000000755580000,0x0000000756b00000)
  from space 4096K, 99% used [0x0000000756c00000,0x0000000756ffec50,0x0000000757000000)
  to   space 5120K, 0% used [0x0000000757000000,0x0000000757000000,0x0000000757500000)
 ParOldGen       total 5592576K, used 72696K [0x0000000600000000, 0x0000000755580000, 0x0000000755580000)
  object space 5592576K, 1% used [0x0000000600000000,0x00000006046fe070,0x0000000755580000)
 Metaspace       used 78602K, committed 80640K, reserved 1179648K
  class space    used 7912K, committed 8832K, reserved 1048576K
}
Event: 283.957 GC heap before
{Heap before GC invocations=122 (full 6):
 PSYoungGen      total 26112K, used 26107K [0x0000000755580000, 0x0000000757500000, 0x0000000800000000)
  eden space 22016K, 100% used [0x0000000755580000,0x0000000756b00000,0x0000000756b00000)
  from space 4096K, 99% used [0x0000000756c00000,0x0000000756ffec50,0x0000000757000000)
  to   space 5120K, 0% used [0x0000000757000000,0x0000000757000000,0x0000000757500000)
 ParOldGen       total 5592576K, used 72696K [0x0000000600000000, 0x0000000755580000, 0x0000000755580000)
  object space 5592576K, 1% used [0x0000000600000000,0x00000006046fe070,0x0000000755580000)
 Metaspace       used 78682K, committed 80704K, reserved 1179648K
  class space    used 7912K, committed 8832K, reserved 1048576K
}
Event: 283.972 GC heap after
{Heap after GC invocations=122 (full 6):
 PSYoungGen      total 27648K, used 4001K [0x0000000755580000, 0x0000000757500000, 0x0000000800000000)
  eden space 22528K, 0% used [0x0000000755580000,0x0000000755580000,0x0000000756b80000)
  from space 5120K, 78% used [0x0000000757000000,0x00000007573e86a0,0x0000000757500000)
  to   space 4608K, 0% used [0x0000000756b80000,0x0000000756b80000,0x0000000757000000)
 ParOldGen       total 5592576K, used 76516K [0x0000000600000000, 0x0000000755580000, 0x0000000755580000)
  object space 5592576K, 1% used [0x0000000600000000,0x0000000604ab9038,0x0000000755580000)
 Metaspace       used 78682K, committed 80704K, reserved 1179648K
  class space    used 7912K, committed 8832K, reserved 1048576K
}
Event: 284.430 GC heap before
{Heap before GC invocations=123 (full 6):
 PSYoungGen      total 27648K, used 11457K [0x0000000755580000, 0x0000000757500000, 0x0000000800000000)
  eden space 22528K, 33% used [0x0000000755580000,0x0000000755cc7db8,0x0000000756b80000)
  from space 5120K, 78% used [0x0000000757000000,0x00000007573e86a0,0x0000000757500000)
  to   space 4608K, 0% used [0x0000000756b80000,0x0000000756b80000,0x0000000757000000)
 ParOldGen       total 5592576K, used 76516K [0x0000000600000000, 0x0000000755580000, 0x0000000755580000)
  object space 5592576K, 1% used [0x0000000600000000,0x0000000604ab9038,0x0000000755580000)
 Metaspace       used 78683K, committed 80704K, reserved 1179648K
  class space    used 7912K, committed 8832K, reserved 1048576K
}
Event: 284.436 GC heap after
{Heap after GC invocations=123 (full 6):
 PSYoungGen      total 25088K, used 2260K [0x0000000755580000, 0x0000000757280000, 0x0000000800000000)
  eden space 22528K, 0% used [0x0000000755580000,0x0000000755580000,0x0000000756b80000)
  from space 2560K, 88% used [0x0000000756b80000,0x0000000756db50c8,0x0000000756e00000)
  to   space 3072K, 0% used [0x0000000756f80000,0x0000000756f80000,0x0000000757280000)
 ParOldGen       total 5592576K, used 76516K [0x0000000600000000, 0x0000000755580000, 0x0000000755580000)
  object space 5592576K, 1% used [0x0000000600000000,0x0000000604ab9038,0x0000000755580000)
 Metaspace       used 78683K, committed 80704K, reserved 1179648K
  class space    used 7912K, committed 8832K, reserved 1048576K
}
Event: 284.436 GC heap before
{Heap before GC invocations=124 (full 6):
 PSYoungGen      total 25088K, used 2260K [0x0000000755580000, 0x0000000757280000, 0x0000000800000000)
  eden space 22528K, 0% used [0x0000000755580000,0x0000000755580000,0x0000000756b80000)
  from space 2560K, 88% used [0x0000000756b80000,0x0000000756db50c8,0x0000000756e00000)
  to   space 3072K, 0% used [0x0000000756f80000,0x0000000756f80000,0x0000000757280000)
 ParOldGen       total 5592576K, used 76516K [0x0000000600000000, 0x0000000755580000, 0x0000000755580000)
  object space 5592576K, 1% used [0x0000000600000000,0x0000000604ab9038,0x0000000755580000)
 Metaspace       used 78683K, committed 80704K, reserved 1179648K
  class space    used 7912K, committed 8832K, reserved 1048576K
}
Event: 284.440 GC heap after
{Heap after GC invocations=124 (full 6):
 PSYoungGen      total 27136K, used 2248K [0x0000000755580000, 0x0000000757300000, 0x0000000800000000)
  eden space 24064K, 0% used [0x0000000755580000,0x0000000755580000,0x0000000756d00000)
  from space 3072K, 73% used [0x0000000756f80000,0x00000007571b21a0,0x0000000757280000)
  to   space 2560K, 0% used [0x0000000756d00000,0x0000000756d00000,0x0000000756f80000)
 ParOldGen       total 5592576K, used 76516K [0x0000000600000000, 0x0000000755580000, 0x0000000755580000)
  object space 5592576K, 1% used [0x0000000600000000,0x0000000604ab9038,0x0000000755580000)
 Metaspace       used 78683K, committed 80704K, reserved 1179648K
  class space    used 7912K, committed 8832K, reserved 1048576K
}
Event: 284.440 GC heap before
{Heap before GC invocations=125 (full 7):
 PSYoungGen      total 27136K, used 2248K [0x0000000755580000, 0x0000000757300000, 0x0000000800000000)
  eden space 24064K, 0% used [0x0000000755580000,0x0000000755580000,0x0000000756d00000)
  from space 3072K, 73% used [0x0000000756f80000,0x00000007571b21a0,0x0000000757280000)
  to   space 2560K, 0% used [0x0000000756d00000,0x0000000756d00000,0x0000000756f80000)
 ParOldGen       total 5592576K, used 76516K [0x0000000600000000, 0x0000000755580000, 0x0000000755580000)
  object space 5592576K, 1% used [0x0000000600000000,0x0000000604ab9038,0x0000000755580000)
 Metaspace       used 78683K, committed 80704K, reserved 1179648K
  class space    used 7912K, committed 8832K, reserved 1048576K
}
Event: 284.803 GC heap after
{Heap after GC invocations=125 (full 7):
 PSYoungGen      total 26624K, used 0K [0x0000000755580000, 0x0000000757500000, 0x0000000800000000)
  eden space 24064K, 0% used [0x0000000755580000,0x0000000755580000,0x0000000756d00000)
  from space 2560K, 0% used [0x0000000756d00000,0x0000000756d00000,0x0000000756f80000)
  to   space 2560K, 0% used [0x0000000757280000,0x0000000757280000,0x0000000757500000)
 ParOldGen       total 114688K, used 60753K [0x0000000600000000, 0x0000000607000000, 0x0000000755580000)
  object space 114688K, 52% used [0x0000000600000000,0x0000000603b54680,0x0000000607000000)
 Metaspace       used 78683K, committed 80704K, reserved 1179648K
  class space    used 7912K, committed 8832K, reserved 1048576K
}
Event: 284.881 GC heap before
{Heap before GC invocations=126 (full 7):
 PSYoungGen      total 26624K, used 0K [0x0000000755580000, 0x0000000757500000, 0x0000000800000000)
  eden space 24064K, 0% used [0x0000000755580000,0x0000000755580000,0x0000000756d00000)
  from space 2560K, 0% used [0x0000000756d00000,0x0000000756d00000,0x0000000756f80000)
  to   space 2560K, 0% used [0x0000000757280000,0x0000000757280000,0x0000000757500000)
 ParOldGen       total 5592576K, used 60753K [0x0000000600000000, 0x0000000755580000, 0x0000000755580000)
  object space 5592576K, 1% used [0x0000000600000000,0x0000000603b54680,0x0000000755580000)
 Metaspace       used 78683K, committed 80704K, reserved 1179648K
  class space    used 7912K, committed 8832K, reserved 1048576K
}
Event: 284.882 GC heap after
{Heap after GC invocations=126 (full 7):
 PSYoungGen      total 27648K, used 0K [0x0000000755580000, 0x0000000757300000, 0x0000000800000000)
  eden space 27136K, 0% used [0x0000000755580000,0x0000000755580000,0x0000000757000000)
  from space 512K, 0% used [0x0000000757280000,0x0000000757280000,0x0000000757300000)
  to   space 1024K, 0% used [0x0000000757100000,0x0000000757100000,0x0000000757200000)
 ParOldGen       total 5592576K, used 60753K [0x0000000600000000, 0x0000000755580000, 0x0000000755580000)
  object space 5592576K, 1% used [0x0000000600000000,0x0000000603b54680,0x0000000755580000)
 Metaspace       used 78683K, committed 80704K, reserved 1179648K
  class space    used 7912K, committed 8832K, reserved 1048576K
}
Event: 284.882 GC heap before
{Heap before GC invocations=127 (full 8):
 PSYoungGen      total 27648K, used 0K [0x0000000755580000, 0x0000000757300000, 0x0000000800000000)
  eden space 27136K, 0% used [0x0000000755580000,0x0000000755580000,0x0000000757000000)
  from space 512K, 0% used [0x0000000757280000,0x0000000757280000,0x0000000757300000)
  to   space 1024K, 0% used [0x0000000757100000,0x0000000757100000,0x0000000757200000)
 ParOldGen       total 5592576K, used 60753K [0x0000000600000000, 0x0000000755580000, 0x0000000755580000)
  object space 5592576K, 1% used [0x0000000600000000,0x0000000603b54680,0x0000000755580000)
 Metaspace       used 78683K, committed 80704K, reserved 1179648K
  class space    used 7912K, committed 8832K, reserved 1048576K
}
Event: 285.342 GC heap after
{Heap after GC invocations=127 (full 8):
 PSYoungGen      total 29184K, used 0K [0x0000000755580000, 0x0000000757480000, 0x0000000800000000)
  eden space 28160K, 0% used [0x0000000755580000,0x0000000755580000,0x0000000757100000)
  from space 1024K, 0% used [0x0000000757100000,0x0000000757100000,0x0000000757200000)
  to   space 1024K, 0% used [0x0000000757380000,0x0000000757380000,0x0000000757480000)
 ParOldGen       total 132096K, used 59210K [0x0000000600000000, 0x0000000608100000, 0x0000000755580000)
  object space 132096K, 44% used [0x0000000600000000,0x00000006039d28b0,0x0000000608100000)
 Metaspace       used 78658K, committed 80704K, reserved 1179648K
  class space    used 7905K, committed 8832K, reserved 1048576K
}
Event: 286.763 GC heap before
{Heap before GC invocations=128 (full 8):
 PSYoungGen      total 29184K, used 28160K [0x0000000755580000, 0x0000000757480000, 0x0000000800000000)
  eden space 28160K, 100% used [0x0000000755580000,0x0000000757100000,0x0000000757100000)
  from space 1024K, 0% used [0x0000000757100000,0x0000000757100000,0x0000000757200000)
  to   space 1024K, 0% used [0x0000000757380000,0x0000000757380000,0x0000000757480000)
 ParOldGen       total 5592576K, used 59210K [0x0000000600000000, 0x0000000755580000, 0x0000000755580000)
  object space 5592576K, 1% used [0x0000000600000000,0x00000006039d28b0,0x0000000755580000)
 Metaspace       used 79346K, committed 80960K, reserved 1179648K
  class space    used 7983K, committed 8832K, reserved 1048576K
}
Event: 286.766 GC heap after
{Heap after GC invocations=128 (full 8):
 PSYoungGen      total 30208K, used 992K [0x0000000755580000, 0x0000000757600000, 0x0000000800000000)
  eden space 29184K, 0% used [0x0000000755580000,0x0000000755580000,0x0000000757200000)
  from space 1024K, 96% used [0x0000000757380000,0x0000000757478050,0x0000000757480000)
  to   space 1536K, 0% used [0x0000000757200000,0x0000000757200000,0x0000000757380000)
 ParOldGen       total 5592576K, used 59250K [0x0000000600000000, 0x0000000755580000, 0x0000000755580000)
  object space 5592576K, 1% used [0x0000000600000000,0x00000006039dc8c0,0x0000000755580000)
 Metaspace       used 79346K, committed 80960K, reserved 1179648K
  class space    used 7983K, committed 8832K, reserved 1048576K
}

